pad_01_8030EA7C_text
fn_8030EAF8
SNDebugBoot
fn_8030EEC0
fn_8030F6EC
fn_8030F79C
fn_8030FA30
ISIentry
fn_803103FC
fn_803104B4
fn_80310718
fn_80310750
gap_01_80310AE8_text
fn_80310DE4
fn_80310DEC
fn_80310DF4
fn_80310DFC
fn_80310E04
fn_80310E0C
fn_80310E14
fn_80310E1C
fn_80310E24
fn_80310E2C
fn_80310E34
fn_80310E3C
fn_803116E8
fn_80311758
gap_01_80311864_text
fn_80311954
fn_803119E8
fn_80311A00
fn_80311A10
fn_80311A28
fn_80311A50
gap_01_80311AC8_text
fn_80311AD8
__div2u
__mod2u
__va_arg
quantize.o:lbl_804119A8
GXAttr.o:GXGetVtxAttrFmt
GXAttr.o:GXGetVtxDesc
GXAttr.o:GXSetVtxDescv
GXLight.o:GXInitLightSpot
GXPerf.o:GXReadGPMetric
GXTexture.o:GXGetTexBufferSize
GXTexture.o:__GXGetTexTileShift_8033E510
gc_interface.o:FatalContext
gc_interface.o:FatalParam
gc_interface.o:__AXDramImage
gc_interface.o:__AXITD
gc_interface.o:__AXOutSBuffer
gc_interface.o:__AXUpdates
gc_interface.o:__AXVPB
timerthread.o:TimerThreadStack
sdownmix.o:_3Snd.gAzimuthSpacingsLut
sfxrevc.o:tablecopyto
zAI.o:pad_05_803C8C60_rodata
zAI.o:lbl_804152C0
zAI.o:lbl_804152DC
zAI.o:lbl_80415348
zAI.o:lbl_8041541C
zAI.o:lbl_80415438
zAI.o:pad_06_80415180_data
zAI.o:gap_06_80415230_data
zAI.o:gap_06_80415370_data
zAI.o:gap_06_804153F8_data
zAI.o:gap_06_80415414_data
zAI.o:gap_06_80415498_data
zAnim.o:lbl_803CF348
zAnim.o:lbl_803CF354
zAnim.o:lbl_803CF37C
zAnim.o:lbl_803CF388
zAnim.o:lbl_80415678
zAnim.o:gap_06_804155F4_data
zAnim.o:gap_06_8041577C_data
zAnim.o:gap_06_804158B4_data
zAttribSys.o:lbl_803D0980
zAttribSys.o:lbl_803D098C
zAttribSys.o:lbl_803D09B4
zAttribSys.o:lbl_803D09C0
zAttribSys.o:lbl_803D09CC
zAttribSys.o:lbl_803D09D8
zAttribSys.o:lbl_803D09E0
zAttribSys.o:lbl_803D09F4
zAttribSys.o:lbl_803D0A08
zAttribSys.o:lbl_803D0A1C
zAttribSys.o:lbl_803D0A2C
zAttribSys.o:lbl_803D0A40
zAttribSys.o:lbl_803D0A54
zAttribSys.o:lbl_803D0A64
zAttribSys.o:lbl_803D0A74
zAttribSys.o:lbl_803D0A84
zAttribSys.o:lbl_803D0A94
zAttribSys.o:lbl_803D0AAC
zAttribSys.o:lbl_803D0ABC
zAttribSys.o:lbl_803D0AD4
zAttribSys.o:lbl_803D0AE4
zAttribSys.o:lbl_803D0AF8
zAttribSys.o:lbl_803D0B10
zAttribSys.o:lbl_803D0B20
zAttribSys.o:lbl_803D0B38
zAttribSys.o:lbl_803D0B4c
zAttribSys.o:lbl_803D0B60
zAttribSys.o:lbl_803D0B78
zAttribSys.o:lbl_803D0B90
zAttribSys.o:lbl_803D0BA4
zAttribSys.o:lbl_803D0BC0
zAttribSys.o:lbl_803D0BE0
zAttribSys.o:lbl_803D0BFC
zAttribSys.o:lbl_803D0C24
zAttribSys.o:lbl_803D0C40
zAttribSys.o:lbl_803D0C5C
zAttribSys.o:lbl_803D0C70
zAttribSys.o:lbl_803D0C84
zAttribSys.o:lbl_803D0CA0
zAttribSys.o:lbl_803D0CA4
zAttribSys.o:lbl_803D0CA8
zAttribSys.o:lbl_803D0CBC
zAttribSys.o:lbl_803D0CD0
zAttribSys.o:lbl_803D0CE8
zAttribSys.o:gap_06_804158E4_data
zAttribSys.o:gap_06_8041590C_data
zBWare.o:lbl_803D0E18
zBWare.o:lbl_8041641C
zBWare.o:lbl_80416434
zBWare.o:gap_06_80415944_data
zBWare.o:gap_06_80416464_data
zCamera.o:lbl_803D1928
zCamera.o:lbl_803D3AE8
zCamera.o:lbl_803D3BF0
zCamera.o:lbl_804164C8
zCamera.o:lbl_80416FF4
zCamera.o:lbl_80417008
zCamera.o:gap_06_80416490_data
zCamera.o:gap_06_804164DC_data
zCamera.o:gap_06_80416538_data
zCamera.o:gap_06_80416FE8_data
zCamera.o:gap_06_80417054_data
zCamera.o:gap_06_80417085_data
zDebug.o:lbl_803D3C78
zDebug.o:lbl_803D3CE8
zDebug.o:lbl_803D3DC4
zDynamics.o:lbl_803D3DC8
zDynamics.o:lbl_803D3FD8
zDynamics.o:gap_06_804170CC_data
zEagl4Anim.o:gap_06_80417164_data
zEagl4Anim.o:gap_06_804175E0_data
zEAXSound.o:lbl_803D5E38
zEAXSound.o:lbl_803D6146
zEAXSound.o:lbl_803D65CC
zEAXSound.o:lbl_80417654
zEAXSound.o:lbl_804176B8
zEAXSound.o:lbl_80417820
zEAXSound.o:lbl_80417898
zEAXSound.o:lbl_804178E4
zEAXSound.o:lbl_80417910
zEAXSound.o:lbl_80417980
zEAXSound.o:lbl_80417A40
zEAXSound.o:lbl_80417A9E
zEAXSound.o:gap_06_80417638_data
zEAXSound.o:gap_06_804176A0_data
zEAXSound.o:gap_06_80417750_data
zEAXSound.o:gap_06_80417770_data
zEAXSound.o:gap_06_80417790_data
zEAXSound.o:gap_06_804177BC_data
zEAXSound.o:gap_06_804177C4_data
zEAXSound.o:gap_06_80417810_data
zEAXSound.o:gap_06_80417840_data
zEAXSound.o:gap_06_80417884_data
zEAXSound.o:gap_06_804178F0_data
zEAXSound.o:gap_06_804178F8_data
zEAXSound.o:gap_06_804179AC_data
zEAXSound.o:gap_06_804179E8_data
zEAXSound.o:gap_06_804179FC_data
zEAXSound.o:gap_06_80417A0C_data
zEAXSound.o:gap_06_80417ABC_data
zEAXSound2.o:lbl_803D9050
zEAXSound2.o:lbl_803DD658
zEAXSound2.o:lbl_80417E7C
zEAXSound2.o:lbl_80417F74
zEAXSound2.o:lbl_80417FB4
zEAXSound2.o:lbl_80418278
zEAXSound2.o:lbl_804183D4
zEAXSound2.o:lbl_80418978
zEAXSound2.o:lbl_80418A30
zEagl4Anim.o:lbl_803D3FE8
zEagl4Anim.o:lbl_803D4158
zEagl4Anim.o:lbl_803D429A
zEagl4Anim.o:lbl_803D42AD
zEagl4Anim.o:lbl_80417104
zEagl4Anim.o:lbl_8041710C
zEcstasy.o:lbl_803DD6DC
zEcstasy.o:lbl_803DD6F0
zEcstasy.o:lbl_803DD704
zEcstasy.o:lbl_803DD718
zEcstasy.o:lbl_803DD728
zEcstasy.o:lbl_803DD73C
zEcstasy.o:lbl_803DD750
zEcstasy.o:lbl_803DD760
zEcstasy.o:lbl_803DD770
zEcstasy.o:lbl_803DD788
zEcstasy.o:lbl_803DD798
zEcstasy.o:lbl_803DD7B4
zEcstasy.o:lbl_803DD7BC
zEcstasy.o:lbl_803DD7C4
zEcstasy.o:lbl_803DD91C
zEcstasy.o:lbl_8041A62C
zEcstasy.o:lbl_8041A64C
zEcstasy.o:lbl_8041A65C
zEcstasy.o:lbl_8041A688
zEcstasy.o:lbl_8041A6A8
zEcstasy.o:lbl_8041ABE4
zEcstasy.o:lbl_8041AC98
zEcstasy.o:lbl_8041ACAC
zEcstasy.o:lbl_8041ACE8
zEcstasy.o:lbl_8041AD10
zEcstasy.o:lbl_8041ADE8
zEcstasy.o:lbl_8041AE3A
zEcstasy.o:lbl_8041AE5C
zEcstasy.o:lbl_8041AF1C
zEcstasy.o:lbl_8041AF70
zEcstasy.o:lbl_8041AF88
zEcstasy.o:lbl_8041AFC0
zEcstasy.o:lbl_8041B034
zEcstasy.o:lbl_8041B090
zEcstasy.o:lbl_8041B0C8
zEcstasy.o:lbl_8041B0F4
zEcstasy.o:lbl_8041B118
zEcstasy.o:lbl_8041B130
zEcstasy.o:lbl_8041B13C
zEcstasy.o:lbl_8041B400
zEcstasy.o:lbl_8041B468
zEcstasy.o:lbl_8041B49C
zEcstasy.o:lbl_8041B4B8
zEcstasy.o:lbl_8041B4C4
zEcstasy.o:lbl_8041B4D8
zFEng.o:pad_05_803EA7E8_rodata
zFEng.o:lbl_803EA93C
zFEng.o:lbl_803EAC3C
zFEng.o:lbl_8041D078
zFEng.o:lbl_8041D14C
zFEng.o:lbl_8041D174
zFe.o:lbl_803DF568
zFe.o:lbl_8041B998
zFe.o:lbl_8041BBCC
zFe2.o:lbl_803E4380
zFe2.o:lbl_803E72B0
zFe2.o:lbl_803E72B8
zFe2.o:lbl_803EA7E4
zFe2.o:lbl_8041BE5C
zFe2.o:lbl_8041C458
zFe2.o:lbl_8041C464
zFe2.o:lbl_8041C474
zFe2.o:lbl_8041CBB0
zFe2.o:lbl_8041CE74
zFeOverlay.o:lbl_803C6A4C
zFeOverlay.o:lbl_803C6A72
zFeOverlay.o:lbl_803C6A92
zFeOverlay.o:lbl_803c6a40
zFeOverlay.o:lbl_8043923C
zFoundation.o:pad_05_803EB230_rodata
zFoundation.o:SN_FPE
zFoundation.o:lbl_803EB3A8
zFoundation.o:lbl_803EB3F0
zFoundation.o:lbl_803EBB3C
zFoundation.o:lbl_8041D204
zFoundation.o:gap_05_803EBB40_rodata
zGameplay.o:pad_05_803EBB48_rodata
zGameplay.o:lbl_803EBE94
zGameplay.o:lbl_803EC7C4
zGameplay.o:lbl_803ECF64
zGameplay.o:lbl_803ED330
zGameplay.o:lbl_803ED333
zGameplay.o:lbl_8041D3AC
zLua.o:pad_05_803ED338_rodata
zLua.o:lbl_803EF57B
zMain.o:lbl_803EF580
zMain.o:lbl_8041E470
zMain.o:lbl_8041E4C4
zMisc.o:lbl_803F6489
zMisc.o:lbl_8041E604
zMisc.o:lbl_8041EA40
zMisc.o:lbl_8041EA8C
zMisc.o:lbl_8041EABD
zMisc.o:lbl_8041ED54
zMiscSmall.o:lbl_803F6730
zMiscSmall.o:lbl_803F67BF
zMiscSmall.o:lbl_8041ED80
zMiscSmall.o:lbl_8041EDC0
zMiscSmall.o:lbl_8041EE18
zMiscSmall.o:lbl_8041EE3C
zMiscSmall.o:lbl_8041EE48
zMiscSmall.o:lbl_8041EE70
zMiscSmall.o:lbl_8041EE8C
zMiscSmall.o:lbl_8041EED8
zMiscSmall.o:lbl_8041EEF0
zOnline.o:lbl_803A4240
zOnline.o:lbl_803A4268
zOnline.o:lbl_803A4274
zOnline.o:lbl_803A4280
zOnline.o:lbl_803A428C
zOnline.o:lbl_803a4234
zPhysics.o:pad_05_803F68F0_rodata
zPhysics.o:lbl_8041EFF0
zPhysics.o:lbl_8041F00C
zPhysics.o:lbl_8041F024
zPhysicsBehaviors.o:CounterSteerOff
zPhysicsBehaviors.o:MAX_STEERING
zPhysicsBehaviors.o:MaxSlipAngle
zPhysicsBehaviors.o:YawLimitBegin
zPhysicsBehaviors.o:YawLimitMax
zPhysicsBehaviors.o:YawLimitScale
zPhysicsBehaviors.o:lbl_803FA7B0
zPhysicsBehaviors.o:lbl_803FADF4
zPhysicsBehaviors.o:lbl_803FAE24
zPhysicsBehaviors.o:lbl_803FAE68
zPhysicsBehaviors.o:lbl_803FAE84
zPhysicsBehaviors.o:lbl_803FAE98
zPhysicsBehaviors.o:lbl_803FAEB4
zPhysicsBehaviors.o:lbl_803FAEC8
zPhysicsBehaviors.o:lbl_803FAEDC
zPhysicsBehaviors.o:lbl_803FAEF2
zPhysicsBehaviors.o:lbl_803FAEFC
zPhysicsBehaviors.o:lbl_803FAF0C
zPhysicsBehaviors.o:lbl_803FAF1C
zPhysicsBehaviors.o:lbl_803FAF2C
zPhysicsBehaviors.o:lbl_803FAF3C
zPhysicsBehaviors.o:lbl_804020FC
zPhysicsBehaviors.o:lbl_80402100
zPlatform.o:pad_05_80402108_rodata
zPlatform.o:bin_globala_bun
zPlatform.o:lbl_80403B3C
zPlatform.o:lbl_8041F818
zPlatform.o:lbl_8041F834
zPlatform.o:lbl_8041F84C
zPlatform.o:lbl_8041F858
zSim.o:pad_05_80403F48_rodata
zSim.o:lbl_804358B0
zSpeech.o:MessageEventComplete__Q26Speech11PursuitFlowRC19MNotifySpeechStatus
zSpeech.o:lbl_80405E10
zSpeech.o:lbl_804074FC
zSpeech.o:lbl_80407570
zSpeech.o:lbl_80407574
zTrack.o:lbl_80435F78
zTrack.o:lbl_80435FF0
zTrack.o:lbl_80436030
zTrack.o:lbl_80436048
zTrack.o:lbl_804370EC
zTrack.o:lbl_8043710C
zTrack.o:lbl_8043712C
zTrack.o:lbl_80437144
zWorld.o:pad_05_80409D58_rodata
zWorld.o:Chance100
zWorld.o:ChancePercent
zWorld.o:CloudOffest
zWorld.o:DisplayCarLoaderMemoryOnScreen
zWorld.o:DistBoundSq0
zWorld.o:DoCompositeBlend
zWorld.o:DoPixelClear
zWorld.o:DrawSkyInReflection
zWorld.o:DrawSkySpecular
zWorld.o:DrawTrunkAudio
zWorld.o:DripSpeed
zWorld.o:DropShapeSpeedChange
zWorld.o:FOGbias
zWorld.o:ForceCopLightsOn
zWorld.o:ForceDriverModelOn
zWorld.o:FrustrumFactor
zWorld.o:GlobHorizEnable
zWorld.o:HAILRadiusX
zWorld.o:HAILRadiusY
zWorld.o:HAILRadiusZ
zWorld.o:HAILX
zWorld.o:HAILY
zWorld.o:HAILZ
zWorld.o:HAILZconstant
zWorld.o:HAILbias
zWorld.o:HAILstick
zWorld.o:HAILwindEffect
zWorld.o:HorizClear
zWorld.o:MAX_CONTACTS_PER_FRAME
zWorld.o:MAX_CONTACT_RESOLUTIONS
zWorld.o:NumRandomPartUpgrades
zWorld.o:ONEpNoRainConnexion
zWorld.o:OverRide
zWorld.o:OverridePlayerCarControlMode
zWorld.o:PartDamage_Test
zWorld.o:PrevailingMult
zWorld.o:PrintLightMat
zWorld.o:PrintLightMatX
zWorld.o:PrintLightMatY
zWorld.o:PrintSkyRender
zWorld.o:PrintWorldObjectDebugInfo
zWorld.o:RAINbias
zWorld.o:RAINstick
zWorld.o:RainCube
zWorld.o:SKYHashIndex
zWorld.o:SLEETRadiusX
zWorld.o:SLEETRadiusY
zWorld.o:SLEETRadiusZ
zWorld.o:SLEETX
zWorld.o:SLEETY
zWorld.o:SLEETZ
zWorld.o:SLEETZconstant
zWorld.o:SLEETbias
zWorld.o:SLEETstick
zWorld.o:SLEETwindEffect
zWorld.o:SNOWLINE
zWorld.o:SNOWLINErange
zWorld.o:SNOWRadiusX
zWorld.o:SNOWRadiusY
zWorld.o:SNOWRadiusZ
zWorld.o:SNOWX
zWorld.o:SNOWY
zWorld.o:SNOWZ
zWorld.o:SNOWZconstant
zWorld.o:SNOWbias
zWorld.o:SNOWstick
zWorld.o:SNOWwindEffect
zWorld.o:SkyTexLoaded
zWorld.o:SpeedMod
zWorld.o:TestSpriteAngle
zWorld.o:TestSpriteonoff
zWorld.o:TexturedHeadLightsAccuracy
zWorld.o:TexturedHeadLightsON
zWorld.o:TweakerPauseWorld
zWorld.o:UseMainSkyInEnvMap
zWorld.o:WhichCarsRegisteredDriveTargetToRender
zWorld.o:WhichCollisionPredictionIterationToRender
zWorld.o:bForceNeonsToBeCopCars
zWorld.o:bbmul
zWorld.o:blurOverRide
zWorld.o:cameraMod
zWorld.o:carSkinSlotPool
zWorld.o:changetime.14948
zWorld.o:driveFactor
zWorld.o:fogPercent
zWorld.o:g_tweakAIDriftOpponents
zWorld.o:g_tweakBurnoutPhysics
zWorld.o:g_tweakDriftPhysics
zWorld.o:hOffZ
zWorld.o:hOffZ00
zWorld.o:hOffZ11
zWorld.o:hOffZ22
zWorld.o:hOffZ33
zWorld.o:index.14943
zWorld.o:lbl_8040A37D
zWorld.o:lbl_8040A42E
zWorld.o:lbl_8040A45F
zWorld.o:lbl_8040A498
zWorld.o:lbl_8040A4D0
zWorld.o:lbl_8040A514
zWorld.o:lbl_8040A560
zWorld.o:lbl_8040A59B
zWorld.o:lbl_8040AB8E
zWorld.o:lbl_8040B1B0
zWorld.o:lbl_8040B1C8
zWorld.o:lbl_8040B1DC
zWorld.o:lbl_8040B1F4
zWorld.o:lbl_8040B20C
zWorld.o:lbl_8040B220
zWorld.o:lbl_8040B23B
zWorld.o:lbl_8040B2E2
zWorld.o:lbl_8040B373
zWorld.o:lbl_8040B49C
zWorld.o:lbl_8040B4D8
zWorld.o:lbl_8040C9FF
zWorld.o:lbl_8040CAA9
zWorld.o:lbl_8040CAC0
zWorld.o:lbl_8040CAC8
zWorld.o:lbl_8040CAD0
zWorld.o:lbl_8040CB0D
zWorld.o:lbl_80437270
zWorld.o:lbl_80437274
zWorld.o:lbl_80437278
zWorld.o:lbl_8043727C
zWorld.o:lbl_80437280
zWorld.o:lbl_80437284
zWorld.o:lbl_804372DC
zWorld.o:lbl_80437614
zWorld.o:lbl_80438AA4
zWorld.o:lbl_80438AA8
zWorld.o:lbl_80438F08
zWorld.o:maxWindEffect
zWorld.o:my_xyz
zWorld.o:neghmm
zWorld.o:numTestSprites
zWorld.o:numTestSpritesmul
zWorld.o:pTextureInfo2PlayerHeadlight1
zWorld.o:platfomSkyScale
zWorld.o:precipAheadX
zWorld.o:precipAheadY
zWorld.o:precipAheadZ
zWorld.o:precipBoundD
zWorld.o:precipBoundX
zWorld.o:precipBoundY
zWorld.o:precipBoundZ
zWorld.o:precipDEBUG
zWorld.o:precipPERCENT
zWorld.o:precipRENDER
zWorld.o:px0
zWorld.o:px1
zWorld.o:px2
zWorld.o:px3
zWorld.o:py0
zWorld.o:py1
zWorld.o:py2
zWorld.o:py3
zWorld.o:rainPercent
zWorld.o:rh
zWorld.o:rl
zWorld.o:rw
zWorld.o:snowPercent
zWorld.o:taildrag
zWorld.o:testSpriteXoff
zWorld.o:twkCloudsRateOfChange
zWorld.o:twkRainRateOfChange
zWorld.o:twkVisualTreatmentPulseBrightness
zWorld.o:twkVisualTreatmentRadialBlur
zWorld.o:twkVisualTreatmentTargetHeat
zWorld.o:windAngType
zWorld.o:windState.14947
zWorld.o:wspeed
zWorld.o:xyzhmm
zWorld2.o:lbl_8040DFE8
zWorld2.o:lbl_8040E6D4
zWorld2.o:lbl_8040EC66
zWorld2.o:lbl_8040ECE4
zWorld2.o:lbl_8040ED07
zWorld2.o:lbl_8040F028
asd2.o:PCwriteAsyncInit
asd2.o:fn_80310AF0
auto_05_8040FEE0_rodata.o:lbl_8040FF6C
auto_05_8040FEE0_rodata.o:lbl_8040FF74
auto_05_8040FEE0_rodata.o:lbl_8040FF78
auto_05_8040FEE0_rodata.o:lbl_8040FF80
auto_05_8040FEE0_rodata.o:lbl_8040FF88
auto_05_8040FEE0_rodata.o:lbl_8040FFB8
auto_05_8040FEE0_rodata.o:lbl_8040FFC0
auto_05_8040FEE0_rodata.o:lbl_8040FFCC
auto_05_8040FEE0_rodata.o:lbl_8040FFD0
auto_05_8040FEE0_rodata.o:lbl_8040FFD4
auto_05_8040FEE0_rodata.o:lbl_8040FFDC
auto_05_8040FEE0_rodata.o:lbl_8040FFE4
auto_05_8040FEE0_rodata.o:lbl_8040FFF0
auto_05_8040FEE0_rodata.o:lbl_8040FFFC
auto_05_8040FEE0_rodata.o:lbl_80410004
auto_05_8040FEE0_rodata.o:lbl_80410008
auto_05_8040FEE0_rodata.o:lbl_8041000C
auto_05_8040FEE0_rodata.o:lbl_80410010
auto_05_8040FEE0_rodata.o:lbl_804102E8
auto_05_8040FEE0_rodata.o:lbl_80410440
auto_05_80412D7C_rodata.o:lbl_80412D7C
auto_05_80412DF8_rodata.o:lbl_80413110
auto_05_80412DF8_rodata.o:lbl_80413258
auto_05_80412DF8_rodata.o:lbl_804132F0
auto_05_80412DF8_rodata.o:lbl_80413768
auto_05_80412DF8_rodata.o:lbl_804138A0
auto_05_80412DF8_rodata.o:lbl_80414110
auto_05_80412DF8_rodata.o:lbl_804143F8
auto_05_80412DF8_rodata.o:lbl_804144C0
auto_05_80412DF8_rodata.o:lbl_80414E98
auto_06_804394D0_data.o:lbl_80439660
auto_06_804394D0_data.o:lbl_8043967C
auto_06_804394D0_data.o:lbl_804396E0
auto_06_804394D0_data.o:lbl_804396F8
auto_06_804394D0_data.o:lbl_804396FC
auto_06_804394D0_data.o:lbl_80439718
auto_06_8044E780_data.o:lbl_8044ECDC
auto_06_8044E780_data.o:lbl_8044ED20
auto_06_8044E780_data.o:lbl_8044ED74
auto_06_8044E780_data.o:lbl_8044EDC8
auto_06_8044E780_data.o:lbl_8044EE1C
auto_08_804FEDD0_sdata.o:lbl_804FEDE8
auto_08_804FF4BC_sdata.o:lbl_804FF4CC
